<?xml version="1.0" encoding="UTF-8"?>
<!-- Generated by org.testng.reporters.JUnitReportReporter -->
<testsuite skipped="0" hostname="5CG7084M2J840" name="com.macfee.sampletest.UserOptyCreationSalesAddPartner" tests="1" failures="0" timestamp="08 Jun 2017 10:02:17 GMT" time="21.862" errors="0">
  <testcase name="User_Opportunities_Creation_From_Sales_Add_Partner" time="21.862" classname="com.macfee.sampletest.UserOptyCreationSalesAddPartner"/>
</testsuite> <!-- com.macfee.sampletest.UserOptyCreationSalesAddPartner -->
