<?xml version="1.0" encoding="UTF-8"?>
<!-- Generated by org.testng.reporters.JUnitReportReporter -->
<testsuite hostname="5CG7084M2J840" name="com.macfee.sampletest.UserLeadCreationFromSFUsingRecordTypeSalesLead" tests="1" failures="0" timestamp="7 Jun 2017 10:38:35 GMT" time="69.507" errors="0">
  <testcase name="test" time="69.507" classname="com.macfee.sampletest.UserLeadCreationFromSFUsingRecordTypeSalesLead"/>
</testsuite> <!-- com.macfee.sampletest.UserLeadCreationFromSFUsingRecordTypeSalesLead -->
